<?xml version="1.0" encoding="UTF-8"?>
<testsuite xmlns:xsi="http://www.w3.org/2001/XMLSchema-instance" xsi:noNamespaceSchemaLocation="https://maven.apache.org/surefire/maven-surefire-plugin/xsd/surefire-test-report.xsd" name="org.learning.examples.ExamplesTests" time="0.124" tests="5" errors="0" skipped="0" failures="0">
  <properties>
[...]
</properties>
  <testcase name="shouldRemoveExampleWhenItExists" classname="org.learning.examples.ExamplesTests" time="0.011"/>
  <testcase name="shouldAddExampleWhenItDataCorrect" classname="org.learning.examples.ExamplesTests" time="0.006"/>
  <testcase name="shouldNotAddExampleWhenItNotValid" classname="org.learning.examples.ExamplesTests" time="0.001"/>
  <testcase name="shouldNotRemoveWhenExampleNotFound" classname="org.learning.examples.ExamplesTests" time="0.002"/>
  <testcase name="shouldNotAddExampleWhenItAlreadyExists" classname="org.learning.examples.ExamplesTests" time="0.002"/>
</testsuite>